build/app/intermediates/manifest_merge_blame_file/debug/manifest-merger-blame-debug-report.txt
1<?xml version="1.0" encoding="utf-8"?>
2<manifest xmlns:android="http://schemas.android.com/apk/res/android"
3    package="com.vdi.bootbay"
4    android:versionCode="1"
5    android:versionName="1.0.0" >
6
7    <uses-sdk
8        android:minSdkVersion="23"
9        android:targetSdkVersion="28" />
10    <!--
11         Flutter needs it to communicate with the running application
12         to allow setting breakpoints, to provide hot reload, etc.
13    -->
14    <uses-permission android:name="android.permission.INTERNET" />
14-->src/debug/AndroidManifest.xml:6:5-66
14-->src/debug/AndroidManifest.xml:6:22-64
15    <uses-permission android:name="android.permission.CAMERA" />
15-->[io.card:android-sdk:5.5.1] AndroidManifest.xml:9:5-65
15-->[io.card:android-sdk:5.5.1] AndroidManifest.xml:9:22-62
16    <uses-permission android:name="android.permission.VIBRATE" />
16-->[io.card:android-sdk:5.5.1] AndroidManifest.xml:10:5-66
16-->[io.card:android-sdk:5.5.1] AndroidManifest.xml:10:22-63
17
18    <uses-feature
18-->[io.card:android-sdk:5.5.1] AndroidManifest.xml:12:5-14:36
19        android:name="android.hardware.camera"
19-->[io.card:android-sdk:5.5.1] AndroidManifest.xml:13:9-47
20        android:required="false" />
20-->[io.card:android-sdk:5.5.1] AndroidManifest.xml:14:9-33
21    <uses-feature
21-->[io.card:android-sdk:5.5.1] AndroidManifest.xml:15:5-17:36
22        android:name="android.hardware.camera.autofocus"
22-->[io.card:android-sdk:5.5.1] AndroidManifest.xml:16:9-57
23        android:required="false" />
23-->[io.card:android-sdk:5.5.1] AndroidManifest.xml:17:9-33
24
25    <uses-permission android:name="android.permission.ACCESS_NETWORK_STATE" />
25-->[com.braintreepayments.api:drop-in:4.1.1] AndroidManifest.xml:12:5-79
25-->[com.braintreepayments.api:drop-in:4.1.1] AndroidManifest.xml:12:22-76
26
27    <uses-feature
27-->[com.google.android.gms:play-services-maps:16.0.0] AndroidManifest.xml:26:5-28:35
28        android:glEsVersion="0x00020000"
28-->[com.google.android.gms:play-services-maps:16.0.0] AndroidManifest.xml:27:9-41
29        android:required="true" />
29-->[com.google.android.gms:play-services-maps:16.0.0] AndroidManifest.xml:28:9-32
30    <!--
31 io.flutter.app.FlutterApplication is an android.app.Application that
32         calls FlutterMain.startInitialization(this); in its onCreate method.
33         In most cases you can leave this as-is, but you if you want to provide
34         additional functionality it is fine to subclass or reimplement
35         FlutterApplication and put your custom class here.
36    -->
37    <application
37-->src/main/AndroidManifest.xml:8:5-60:19
38        android:name="io.flutter.app.FlutterApplication"
38-->src/main/AndroidManifest.xml:9:9-57
39        android:appComponentFactory="androidx.core.app.CoreComponentFactory"
39-->[androidx.core:core:1.1.0] AndroidManifest.xml:24:18-86
40        android:debuggable="true"
41        android:icon="@mipmap/ic_launcher"
41-->src/main/AndroidManifest.xml:10:9-43
42        android:label="bootbay"
42-->src/main/AndroidManifest.xml:11:9-32
43        android:supportsRtl="true" >
43-->[com.braintreepayments.api:drop-in:4.1.1] AndroidManifest.xml:16:9-35
44        <activity
44-->src/main/AndroidManifest.xml:12:9-38:20
45            android:name="com.vdi.bootbay.MainActivity"
45-->src/main/AndroidManifest.xml:13:13-41
46            android:configChanges="orientation|keyboardHidden|keyboard|screenSize|smallestScreenSize|locale|layoutDirection|fontScale|screenLayout|density|uiMode"
46-->src/main/AndroidManifest.xml:14:13-163
47            android:hardwareAccelerated="true"
47-->src/main/AndroidManifest.xml:15:13-47
48            android:launchMode="singleTop"
48-->src/main/AndroidManifest.xml:16:13-43
49            android:theme="@style/LaunchTheme"
49-->src/main/AndroidManifest.xml:17:13-47
50            android:windowSoftInputMode="adjustResize" >
50-->src/main/AndroidManifest.xml:18:13-55
51
52            <!--
53                 Specifies an Android theme to apply to this Activity as soon as
54                 the Android process has started. This theme is visible to the user
55                 while the Flutter UI initializes. After that, this theme continues
56                 to determine the Window background behind the Flutter UI.
57            -->
58            <meta-data
58-->src/main/AndroidManifest.xml:23:13-25:57
59                android:name="io.flutter.embedding.android.NormalTheme"
59-->src/main/AndroidManifest.xml:24:17-72
60                android:resource="@style/NormalTheme" />
60-->src/main/AndroidManifest.xml:25:17-54
61            <!--
62                 Displays an Android View that continues showing the launch screen
63                 Drawable until Flutter paints its first frame, then this splash
64                 screen fades out. A splash screen is useful to avoid any visual
65                 gap between the end of Android's launch screen and the painting of
66                 Flutter's first frame.
67            -->
68            <meta-data
68-->src/main/AndroidManifest.xml:31:13-33:66
69                android:name="io.flutter.embedding.android.SplashScreenDrawable"
69-->src/main/AndroidManifest.xml:32:17-81
70                android:resource="@drawable/launch_background" />
70-->src/main/AndroidManifest.xml:33:17-63
71
72            <intent-filter>
72-->src/main/AndroidManifest.xml:34:13-37:29
73                <action android:name="android.intent.action.MAIN" />
73-->src/main/AndroidManifest.xml:35:17-69
73-->src/main/AndroidManifest.xml:35:25-66
74
75                <category android:name="android.intent.category.LAUNCHER" />
75-->src/main/AndroidManifest.xml:36:17-77
75-->src/main/AndroidManifest.xml:36:27-74
76            </intent-filter>
77        </activity>
78        <activity
78-->src/main/AndroidManifest.xml:39:9-50:20
79            android:name="com.braintreepayments.api.BraintreeBrowserSwitchActivity"
79-->src/main/AndroidManifest.xml:40:13-84
80            android:launchMode="singleTask" >
80-->src/main/AndroidManifest.xml:41:13-44
81            <intent-filter>
81-->src/main/AndroidManifest.xml:42:13-49:29
82                <action android:name="android.intent.action.VIEW" />
82-->src/main/AndroidManifest.xml:43:17-69
82-->src/main/AndroidManifest.xml:43:25-66
83
84                <category android:name="android.intent.category.DEFAULT" />
84-->src/main/AndroidManifest.xml:45:17-76
84-->src/main/AndroidManifest.xml:45:27-73
85                <category android:name="android.intent.category.BROWSABLE" />
85-->src/main/AndroidManifest.xml:46:17-78
85-->src/main/AndroidManifest.xml:46:27-75
86
87                <data android:scheme="com.vdi.bootbay.braintree" />
88            </intent-filter>
89        </activity>
90
91        <!--
92             Don't delete the meta-data below.
93             This is used by the Flutter tool to generate GeneratedPluginRegistrant.java
94        -->
95        <meta-data
95-->src/main/AndroidManifest.xml:54:9-56:33
96            android:name="flutterEmbedding"
96-->src/main/AndroidManifest.xml:55:13-44
97            android:value="2" />
97-->src/main/AndroidManifest.xml:56:13-30
98        <meta-data
98-->src/main/AndroidManifest.xml:57:9-59:36
99            android:name="com.google.android.gms.wallet.api.enabled"
99-->src/main/AndroidManifest.xml:58:13-69
100            android:value="true" />
100-->src/main/AndroidManifest.xml:59:13-33
101
102        <activity
102-->[:flutter_braintree] AndroidManifest.xml:8:9-11:20
103            android:name="com.example.flutter_braintree.FlutterBraintreeCustom"
103-->[:flutter_braintree] AndroidManifest.xml:9:13-80
104            android:theme="@style/bt_transparent_activity" >
104-->[:flutter_braintree] AndroidManifest.xml:10:13-59
105        </activity>
106        <activity
106-->[io.card:android-sdk:5.5.1] AndroidManifest.xml:20:9-22:66
107            android:name="io.card.payment.CardIOActivity"
107-->[io.card:android-sdk:5.5.1] AndroidManifest.xml:21:13-58
108            android:configChanges="keyboardHidden|orientation" />
108-->[io.card:android-sdk:5.5.1] AndroidManifest.xml:22:13-63
109        <activity android:name="io.card.payment.DataEntryActivity" />
109-->[io.card:android-sdk:5.5.1] AndroidManifest.xml:23:9-70
109-->[io.card:android-sdk:5.5.1] AndroidManifest.xml:23:19-67
110        <activity
110-->[com.braintreepayments.api:drop-in:4.1.1] AndroidManifest.xml:18:9-20:64
111            android:name="com.braintreepayments.api.dropin.DropInActivity"
111-->[com.braintreepayments.api:drop-in:4.1.1] AndroidManifest.xml:19:13-75
112            android:theme="@style/bt_drop_in_activity_theme" />
112-->[com.braintreepayments.api:drop-in:4.1.1] AndroidManifest.xml:20:13-61
113        <activity
113-->[com.braintreepayments.api:drop-in:4.1.1] AndroidManifest.xml:21:9-23:65
114            android:name="com.braintreepayments.api.dropin.AddCardActivity"
114-->[com.braintreepayments.api:drop-in:4.1.1] AndroidManifest.xml:22:13-76
115            android:theme="@style/bt_add_card_activity_theme" />
115-->[com.braintreepayments.api:drop-in:4.1.1] AndroidManifest.xml:23:13-62
116        <activity
116-->[com.braintreepayments.api:drop-in:4.1.1] AndroidManifest.xml:24:9-26:70
117            android:name="com.braintreepayments.api.dropin.VaultManagerActivity"
117-->[com.braintreepayments.api:drop-in:4.1.1] AndroidManifest.xml:25:13-81
118            android:theme="@style/bt_vault_manager_activity_theme" />
118-->[com.braintreepayments.api:drop-in:4.1.1] AndroidManifest.xml:26:13-67
119
120        <service android:name="com.braintreepayments.api.internal.AnalyticsIntentService" />
120-->[com.braintreepayments.api:braintree:3.0.0] AndroidManifest.xml:15:9-93
120-->[com.braintreepayments.api:braintree:3.0.0] AndroidManifest.xml:15:18-90
121
122        <activity
122-->[com.google.android.gms:play-services-base:16.0.1] AndroidManifest.xml:23:9-26:75
123            android:name="com.google.android.gms.common.api.GoogleApiActivity"
123-->[com.google.android.gms:play-services-base:16.0.1] AndroidManifest.xml:24:13-79
124            android:exported="false"
124-->[com.google.android.gms:play-services-base:16.0.1] AndroidManifest.xml:25:13-37
125            android:theme="@android:style/Theme.Translucent.NoTitleBar" />
125-->[com.google.android.gms:play-services-base:16.0.1] AndroidManifest.xml:26:13-72
126
127        <meta-data
127-->[com.google.android.gms:play-services-basement:16.0.1] AndroidManifest.xml:23:9-25:69
128            android:name="com.google.android.gms.version"
128-->[com.google.android.gms:play-services-basement:16.0.1] AndroidManifest.xml:24:13-58
129            android:value="@integer/google_play_services_version" />
129-->[com.google.android.gms:play-services-basement:16.0.1] AndroidManifest.xml:25:13-66
130
131        <activity
131-->[com.braintreepayments.api:google-payment:3.0.0] AndroidManifest.xml:12:9-14:62
132            android:name="com.braintreepayments.api.GooglePaymentActivity"
132-->[com.braintreepayments.api:google-payment:3.0.0] AndroidManifest.xml:13:13-75
133            android:theme="@style/bt_transparent_activity" />
133-->[com.braintreepayments.api:google-payment:3.0.0] AndroidManifest.xml:14:13-59
134    </application>
135
136</manifest>